INFO:     Started server process [300197]
INFO:     Waiting for application startup.
INFO:     Application startup complete.
INFO:     Uvicorn running on http://0.0.0.0:8080 (Press CTRL+C to quit)
INFO:     127.0.0.1:42088 - "GET /health HTTP/1.1" 200 OK
INFO:     127.0.0.1:50490 - "GET /health HTTP/1.1" 200 OK
INFO:     127.0.0.1:38624 - "GET /health HTTP/1.1" 200 OK
Sliding Window Attention is enabled but not implemented for `sdpa`; unexpected results may be encountered.
flash attention not available! fallback to eager implementation 
flash attention not available! fallback to eager implementation 
flash attention not available! fallback to eager implementation 
flash attention not available! fallback to eager implementation 
flash attention not available! fallback to eager implementation 
flash attention not available! fallback to eager implementation 
flash attention not available! fallback to eager implementation 
flash attention not available! fallback to eager implementation 
flash attention not available! fallback to eager implementation 
flash attention not available! fallback to eager implementation 
flash attention not available! fallback to eager implementation 
flash attention not available! fallback to eager implementation 
flash attention not available! fallback to eager implementation 
flash attention not available! fallback to eager implementation 
flash attention not available! fallback to eager implementation 
flash attention not available! fallback to eager implementation 
flash attention not available! fallback to eager implementation 
flash attention not available! fallback to eager implementation 
flash attention not available! fallback to eager implementation 
flash attention not available! fallback to eager implementation 
flash attention not available! fallback to eager implementation 
flash attention not available! fallback to eager implementation 
flash attention not available! fallback to eager implementation 
flash attention not available! fallback to eager implementation 
flash attention not available! fallback to eager implementation 
flash attention not available! fallback to eager implementation 
flash attention not available! fallback to eager implementation 
flash attention not available! fallback to eager implementation 
flash attention not available! fallback to eager implementation 
flash attention not available! fallback to eager implementation 
flash attention not available! fallback to eager implementation 
flash attention not available! fallback to eager implementation 
flash attention not available! fallback to eager implementation 
flash attention not available! fallback to eager implementation 
flash attention not available! fallback to eager implementation 
flash attention not available! fallback to eager implementation 
flash attention not available! fallback to eager implementation 
flash attention not available! fallback to eager implementation 
flash attention not available! fallback to eager implementation 
flash attention not available! fallback to eager implementation 
flash attention not available! fallback to eager implementation 
flash attention not available! fallback to eager implementation 
Loading checkpoint shards:   0%|          | 0/2 [00:00<?, ?it/s]Loading checkpoint shards:  50%|█████     | 1/2 [00:01<00:01,  1.75s/it]Loading checkpoint shards: 100%|██████████| 2/2 [00:02<00:00,  1.31s/it]Loading checkpoint shards: 100%|██████████| 2/2 [00:02<00:00,  1.38s/it]
use hf model, num_thread will be set to 1
loading pdf: /mnt/d/AIPJ/016DocAvatar/dotsocr/api/tmp/upload_300197_022545d5.pdf
Parsing PDF with 5 pages using 1 threads...
Processing PDF pages:   0%|          | 0/5 [00:00<?, ?it/s]Processing PDF pages:   0%|          | 0/5 [00:00<?, ?it/s]
INFO:     127.0.0.1:35412 - "POST /predict?prompt=prompt_layout_all_en&fitz_preprocess=true HTTP/1.1" 500 Internal Server Error
